{
  "stats": {
    "suites": 1,
    "tests": 1,
    "passes": 1,
    "pending": 0,
    "failures": 0,
    "start": "2026-06-21T22:03:49.174Z",
    "end": "2026-06-21T22:03:49.176Z",
    "duration": 2,
    "testsRegistered": 1,
    "passPercent": 100,
    "pendingPercent": 0,
    "other": 0,
    "hasOther": false,
    "skipped": 0,
    "hasSkipped": false
  },
  "results": [
    {
      "uuid": "86399648-2301-441a-8b08-1df8359b6a9f",
      "title": "",
      "fullFile": "C:\\QA\\meu-projeto\\calculadora.test.js",
      "file": "\\calculadora.test.js",
      "beforeHooks": [],
      "afterHooks": [],
      "tests": [],
      "suites": [
        {
          "uuid": "53e4b1de-7308-4a96-a357-321b18496223",
          "title": "Calculadora",
          "fullFile": "C:\\QA\\meu-projeto\\calculadora.test.js",
          "file": "\\calculadora.test.js",
          "beforeHooks": [],
          "afterHooks": [],
          "tests": [
            {
              "title": "Deve somar dois números",
              "fullTitle": "Calculadora Deve somar dois números",
              "timedOut": false,
              "duration": 0,
              "state": "passed",
              "speed": "fast",
              "pass": true,
              "fail": false,
              "pending": false,
              "context": null,
              "code": "assert.equal(soma(2,3),5);",
              "err": {},
              "uuid": "45cc2b1e-3c8f-461d-963f-6bbd571b46d0",
              "parentUUID": "53e4b1de-7308-4a96-a357-321b18496223",
              "isHook": false,
              "skipped": false
            }
          ],
          "suites": [],
          "passes": [
            "45cc2b1e-3c8f-461d-963f-6bbd571b46d0"
          ],
          "failures": [],
          "pending": [],
          "skipped": [],
          "duration": 0,
          "root": false,
          "rootEmpty": false,
          "_timeout": 2000
        }
      ],
      "passes": [],
      "failures": [],
      "pending": [],
      "skipped": [],
      "duration": 0,
      "root": true,
      "rootEmpty": true,
      "_timeout": 2000
    }
  ],
  "meta": {
    "mocha": {
      "version": "11.7.6"
    },
    "mochawesome": {
      "options": {
        "quiet": false,
        "reportFilename": "mochawesome",
        "saveHtml": true,
        "saveJson": true,
        "consoleReporter": "spec",
        "useInlineDiffs": false,
        "code": true
      },
      "version": "7.1.4"
    },
    "marge": {
      "options": null,
      "version": "6.3.2"
    }
  }
}