{
  "stats": {
    "suites": 1,
    "tests": 1,
    "passes": 1,
    "pending": 0,
    "failures": 0,
    "start": "2026-06-21T21:19:02.350Z",
    "end": "2026-06-21T21:19:02.353Z",
    "duration": 3,
    "testsRegistered": 1,
    "passPercent": 100,
    "pendingPercent": 0,
    "other": 0,
    "hasOther": false,
    "skipped": 0,
    "hasSkipped": false
  },
  "results": [
    {
      "uuid": "a65ab4bd-46fd-4119-8177-d09a80e8e611",
      "title": "",
      "fullFile": "C:\\QA\\meu-projeto\\calculadora.test.js",
      "file": "\\calculadora.test.js",
      "beforeHooks": [],
      "afterHooks": [],
      "tests": [],
      "suites": [
        {
          "uuid": "76d113e7-bf0b-45c3-b538-9aae4aad70a8",
          "title": "Calculadora",
          "fullFile": "C:\\QA\\meu-projeto\\calculadora.test.js",
          "file": "\\calculadora.test.js",
          "beforeHooks": [],
          "afterHooks": [],
          "tests": [
            {
              "title": "Deve somar dois números",
              "fullTitle": "Calculadora Deve somar dois números",
              "timedOut": false,
              "duration": 0,
              "state": "passed",
              "speed": "fast",
              "pass": true,
              "fail": false,
              "pending": false,
              "context": null,
              "code": "assert.equal(soma(2,3),5);",
              "err": {},
              "uuid": "68c85744-0d84-40fd-b7a1-8f7c498cbf1f",
              "parentUUID": "76d113e7-bf0b-45c3-b538-9aae4aad70a8",
              "isHook": false,
              "skipped": false
            }
          ],
          "suites": [],
          "passes": [
            "68c85744-0d84-40fd-b7a1-8f7c498cbf1f"
          ],
          "failures": [],
          "pending": [],
          "skipped": [],
          "duration": 0,
          "root": false,
          "rootEmpty": false,
          "_timeout": 2000
        }
      ],
      "passes": [],
      "failures": [],
      "pending": [],
      "skipped": [],
      "duration": 0,
      "root": true,
      "rootEmpty": true,
      "_timeout": 2000
    }
  ],
  "meta": {
    "mocha": {
      "version": "11.7.6"
    },
    "mochawesome": {
      "options": {
        "quiet": false,
        "reportFilename": "mochawesome",
        "saveHtml": true,
        "saveJson": true,
        "consoleReporter": "spec",
        "useInlineDiffs": false,
        "code": true
      },
      "version": "7.1.4"
    },
    "marge": {
      "options": null,
      "version": "6.3.2"
    }
  }
}